<?xml version="1.0" encoding="UTF-8"?>
<!-- Generated by org.testng.reporters.JUnitReportReporter -->
<testsuite skipped="0" hostname="Gupta-Manish" name="HybridFramework.Testscases.DataHybridLOGINTest" tests="2" failures="0" timestamp="16 Jan 2019 06:17:58 GMT" time="17.101" errors="0">
  <testcase name="testLogin" time="8.961" classname="HybridFramework.Testscases.DataHybridLOGINTest"/>
  <testcase name="testLogin" time="8.140" classname="HybridFramework.Testscases.DataHybridLOGINTest"/>
</testsuite> <!-- HybridFramework.Testscases.DataHybridLOGINTest -->
