<?xml version="1.0" encoding="UTF-8"?>
<!-- Generated by org.testng.reporters.JUnitReportReporter -->
<testsuite skipped="0" hostname="dell-PC" name="HybridFramework.Testscases.RegisterPageTest" tests="1" failures="0" timestamp="09 Jan 2019 16:47:42 GMT" time="40.143" errors="0">
  <testcase name="testRegistertoApplication" time="40.143" classname="HybridFramework.Testscases.RegisterPageTest"/>
</testsuite> <!-- HybridFramework.Testscases.RegisterPageTest -->
